
> web@1.0.3 lint /Users/matias/Development/matiasfha/matias-sveltekit/apps/web
> prettier --write --plugin-search-dir=. . && eslint --ignore-path .gitignore . --fix

.eslintrc.cjs 17ms
.github/workflows/playwright.yml 20ms
.prettierrc 4ms
.vscode/settings.json 2ms
mdsvex.config/cloudinaryImages.js 13ms
mdsvex.config/highlighterFn.js 11ms
mdsvex.config/index.js 14ms
mdsvex.config/processUrl.js 5ms
mdsvex.config/remarkReadingTime.js 3ms
mdsvex.config/remarkSponsor.js 4ms
mdsvex.config/remmarkPath.js 2ms
mdsvex.config/setDefaultLang.js 2ms
package.json 5ms
playwright.config.ts 84ms
pnpm-lock.yaml 704ms
postcss.config.cjs 19ms
preprocessors/mdsvexGlobalComponents.js 6ms
preprocessors/similarPosts.js 4ms
schema.types.ts 15ms
script.md 62ms
src/app.css 22ms
src/app.html 22ms
src/components/ContactTabs/About.svelte 40ms
src/components/ContactTabs/AMA.svelte 23ms
src/components/ContactTabs/Calendly.svelte 14ms
src/components/ContactTabs/Coffee.svelte 5ms
src/components/ContactTabs/index.svelte 12ms
src/components/ContentCard.svelte 5ms
src/components/CourseCard.svelte 12ms
src/components/CtaButton.svelte 8ms
src/components/Favorites.svelte 8ms
src/components/Featured.svelte 11ms
src/components/Footer.svelte 11ms
src/components/Hero.svelte 7ms
src/components/Latest.svelte 7ms
src/components/mdx/BuymeaCoffee.svelte 1ms
src/components/mdx/Buzzsprout.svelte 3ms
src/components/mdx/CodeSandbox.svelte 3ms
src/components/mdx/Disclaimer.svelte 4ms
src/components/mdx/EggheadLesson.svelte 4ms
src/components/mdx/Podcast.svelte 2ms
src/components/mdx/Pricing.svelte 3ms
src/components/mdx/Sponsor.svelte 5ms
src/components/mdx/StackBlitz.svelte 5ms
src/components/mdx/TLDR.svelte 1ms
src/components/mdx/Twitter.svelte 2ms
src/components/mdx/YouTube.svelte 2ms
src/components/Microbytes.svelte 4ms
src/components/NavBar.svelte 17ms
src/components/NewsletterForm.svelte 5ms
src/components/PageLayout.svelte 2ms
src/components/PostCard.svelte 6ms
src/components/PostLayout.svelte 33ms
src/components/RelativeDateFormat.svelte 3ms
src/components/Seo.svelte 12ms
src/components/SponsorLayout.svelte 4ms
src/components/typography/H1.svelte 0ms
src/components/typography/index.ts 1ms
src/components/typography/Quote.svelte 2ms
src/global.d.ts 1ms
src/lib/api/getAllExternalArticles.ts 4ms
src/lib/api/getEggheadCourses.ts 5ms
src/lib/api/getFavorites.ts 4ms
src/lib/api/getFCC.ts 0ms
src/lib/api/getMediaJam.ts 5ms
src/lib/api/getPodcast.ts 3ms
src/lib/api/getPosts.ts 7ms
src/lib/api/getSimilarPosts.ts 2ms
src/lib/api/getWebMentions.ts 5ms
src/lib/api/getYoutubeChannel.ts 7ms
src/lib/api/github.ts 4ms
src/lib/stores/index.ts 3ms
src/lib/translations/en/about.json 1ms
src/lib/translations/en/articles.json 1ms
src/lib/translations/en/blog.json 0ms
src/lib/translations/en/common.json 2ms
src/lib/translations/en/courses.json 1ms
src/lib/translations/en/home.json 1ms
src/lib/translations/es/about.json 1ms
src/lib/translations/es/articles.json 1ms
src/lib/translations/es/blog.json 1ms
src/lib/translations/es/common.json 1ms
src/lib/translations/es/courses.json 0ms
src/lib/translations/es/home.json 1ms
src/lib/translations/index.ts 4ms
src/lib/utils/generateMarkdown.ts 1ms
src/lib/utils/getOgImage.ts 2ms
src/lib/utils/isEn.ts 1ms
src/lib/utils/sanityClient.js 4ms
src/lib/utils/slugify.ts 2ms
src/lib/utils/writeToDevTo.ts 3ms
src/lib/utils/writeToHashnode.ts 2ms
src/lib/utils/writeToMedium.ts 3ms
src/params/page.ts 2ms
src/prism-night-owl.css 6ms
src/routes/[slug]/+page.server.ts 3ms
src/routes/[slug]/+page.svelte 8ms
src/routes/+error.svelte 3ms
src/routes/+layout.server.ts 2ms
src/routes/+layout.svelte 1ms
src/routes/+layout.ts 1ms
src/routes/+page.server.ts 5ms
src/routes/+page.svelte 6ms
src/routes/api/articles/+server.ts 4ms
src/routes/api/articles/utils.ts 5ms
src/routes/api/github/issue/+server.ts 3ms
src/routes/api/github/issue/validateCaptcha.ts 2ms
src/routes/api/mentions/+server.ts 8ms
src/routes/articles/+page.server.ts 2ms
src/routes/articles/+page.svelte 12ms
src/routes/blog/+page.server.ts 1ms
src/routes/blog/+page.svelte 11ms
src/routes/blog/post/+layout.server.ts 2ms
src/routes/blog/post/+layout.svelte 0ms
src/routes/courses/+page.server.ts 1ms
src/routes/courses/+page.svelte 11ms
src/routes/newsletter/+page.server.ts 2ms
src/routes/newsletter/+page.svelte 9ms
src/routes/rss.xml/+server.ts 3ms
src/routes/sitemap.xml/+server.ts 2ms
src/routes/success/+page.svelte 2ms
src/routes/topic/[tag]/+page.server.ts 4ms
src/routes/topic/[tag]/+page.svelte 14ms
src/routes/youtube/+page.server.ts 1ms
src/routes/youtube/+page.svelte 9ms
svelte.config.js 2ms
tailwind.config.cjs 3ms
tests/navigation.spec.ts 5ms
tsconfig.json 2ms
vite.config.js 1ms
